Analysis initiated from SIMULIA established products
Abaqus JOB Job-5
Abaqus 3DEXPERIENCE R2018x
Successfully checked out QSD/50 from DSLS server 172.26.96.200
Successfully checked out QXT/50 from DSLS server 172.26.96.200
Abaqus License Manager checked out the following licenses:
Abaqus/Standard checked out 50 tokens from DSLS server 172.26.96.200.
<950 out of 1000 licenses remain available>.
Begin Analysis Input File Processor
3/8/2024 11:18:35 AM
Run pre.exe
3/8/2024 11:18:52 AM
End Analysis Input File Processor
Begin Abaqus/Standard Analysis
3/8/2024 11:18:52 AM
Run standard.exe
3/8/2024 11:23:45 AM
End Abaqus/Standard Analysis
Begin Convert MFS to SFS
3/8/2024 11:23:47 AM
Run SMASimUtility.exe
3/8/2024 11:23:47 AM
End Convert MFS to SFS
Abaqus JOB Job-5 COMPLETED
